This is pdfeTeX, Version 3.141592-1.21a-2.2 (Web2C 7.5.4) (format=pdflatex 2010.11.7)  10 APR 2012 13:47
entering extended mode
**index
(./index.tex
LaTeX2e <2003/12/01>
Babel <v3.8d> and hyphenation patterns for american, french, german, ngerman, b
ahasa, basque, bulgarian, catalan, croatian, czech, danish, dutch, esperanto, e
stonian, finnish, greek, icelandic, irish, italian, latin, magyar, norsk, polis
h, portuges, romanian, russian, serbian, slovak, slovene, spanish, swedish, tur
kish, ukrainian, nohyphenation, loaded.
(/usr/share/texmf/tex/latex/base/article.cls
Document Class: article 2004/02/16 v1.4f Standard LaTeX document class
(/usr/share/texmf/tex/latex/base/size10.clo
File: size10.clo 2004/02/16 v1.4f Standard LaTeX file (size option)
)
\c@part=\count79
\c@section=\count80
\c@subsection=\count81
\c@subsubsection=\count82
\c@paragraph=\count83
\c@subparagraph=\count84
\c@figure=\count85
\c@table=\count86
\abovecaptionskip=\skip41
\belowcaptionskip=\skip42
\bibindent=\dimen102
)
(/usr/share/texmf/tex/latex/hyperref/hyperref.sty
Package: hyperref 2003/11/30 v6.74m Hypertext links for LaTeX

(/usr/share/texmf/tex/latex/graphics/keyval.sty
Package: keyval 1999/03/16 v1.13 key=value parser (DPC)
\KV@toks@=\toks14
)
\@linkdim=\dimen103
\Hy@linkcounter=\count87
\Hy@pagecounter=\count88

(/usr/share/texmf/tex/latex/hyperref/pd1enc.def
File: pd1enc.def 2003/11/30 v6.74m Hyperref: PDFDocEncoding definition (HO)
)
(/usr/share/texmf/tex/latex/hyperref/hyperref.cfg
File: hyperref.cfg 2002/06/06 v1.2 hyperref configuration of TeXLive and teTeX
)
Package hyperref Info: Hyper figures OFF on input line 1880.
Package hyperref Info: Link nesting OFF on input line 1885.
Package hyperref Info: Hyper index ON on input line 1888.
Package hyperref Info: Plain pages ON on input line 1893.
Package hyperref Info: Backreferencing OFF on input line 1900.

Implicit mode ON; LaTeX internals redefined
Package hyperref Info: Bookmarks ON on input line 2004.
(/usr/share/texmf/tex/latex/html/url.sty
Package: url 1999/03/02  ver 1.4  Verb mode for urls, email addresses, and file
 names
)
LaTeX Info: Redefining \url on input line 2143.
\Fld@menulength=\count89
\Field@Width=\dimen104
\Fld@charsize=\dimen105
\Choice@toks=\toks15
\Field@toks=\toks16
Package hyperref Info: Hyper figures OFF on input line 2618.
Package hyperref Info: Link nesting OFF on input line 2623.
Package hyperref Info: Hyper index ON on input line 2626.
Package hyperref Info: backreferencing OFF on input line 2633.
Package hyperref Info: Link coloring OFF on input line 2638.
\c@Item=\count90
\c@Hfootnote=\count91
)
*hyperref using default driver hpdftex*
(/usr/share/texmf/tex/latex/hyperref/hpdftex.def
File: hpdftex.def 2003/11/30 v6.74m Hyperref driver for pdfTeX

(/usr/share/texmf/tex/latex/psnfss/pifont.sty
Package: pifont 2004/09/15 PSNFSS-v9.2 Pi font support (SPQR) 
LaTeX Font Info:    Try loading font information for U+pzd on input line 63.

(/usr/share/texmf/tex/latex/psnfss/upzd.fd
File: upzd.fd 2001/06/04 font definitions for U/pzd.
)
LaTeX Font Info:    Try loading font information for U+psy on input line 64.

(/usr/share/texmf/tex/latex/psnfss/upsy.fd
File: upsy.fd 2001/06/04 font definitions for U/psy.
))
\Fld@listcount=\count92
\@outlinefile=\write3
)
(/usr/share/texmf/tex/latex/html/html.sty
Package: html 1999/07/19 v1.38 hypertext commands for latex2html (nd, hws, rrm)

\c@lpart=\count93
\c@lchapter=\count94
\c@chapter=\count95
\c@lsection=\count96
\c@lsubsection=\count97
\c@lsubsubsection=\count98
\c@lparagraph=\count99
\c@lsubparagraph=\count100
\c@lsubsubparagraph=\count101
\ptrfile=\write4
)
(/usr/share/texmf/tex/latex/base/makeidx.sty
Package: makeidx 2000/03/29 v1.0m Standard LaTeX package
)
(/usr/share/texmf/tex/latex/graphics/color.sty
Package: color 1999/02/16 v1.0i Standard LaTeX Color (DPC)

(/usr/share/texmf/tex/latex/graphics/color.cfg
File: color.cfg 2005/02/03 v1.3 color configuration of teTeX/TeXLive
)
Package color Info: Driver file: pdftex.def on input line 125.

(/usr/share/texmf/tex/latex/graphics/pdftex.def
File: pdftex.def 2002/06/19 v0.03k graphics/color for pdftex
\Gread@gobject=\count102
))
(/usr/share/texmf/tex/latex/preprint/fullpage.sty
Package: fullpage 1999/02/23 1.1 (PWD)
\FP@margin=\skip43
)
(/usr/share/texmf/tex/latex/amsmath/amsmath.sty
Package: amsmath 2000/07/18 v2.13 AMS math features
\@mathmargin=\skip44

For additional information on amsmath, use the `?' option.
(/usr/share/texmf/tex/latex/amsmath/amstext.sty
Package: amstext 2000/06/29 v2.01

(/usr/share/texmf/tex/latex/amsmath/amsgen.sty
File: amsgen.sty 1999/11/30 v2.0
\@emptytoks=\toks17
\ex@=\dimen106
))
(/usr/share/texmf/tex/latex/amsmath/amsbsy.sty
Package: amsbsy 1999/11/29 v1.2d
\pmbraise@=\dimen107
)
(/usr/share/texmf/tex/latex/amsmath/amsopn.sty
Package: amsopn 1999/12/14 v2.01 operator names
)
\inf@bad=\count103
LaTeX Info: Redefining \frac on input line 211.
\uproot@=\count104
\leftroot@=\count105
LaTeX Info: Redefining \overline on input line 307.
\classnum@=\count106
\DOTSCASE@=\count107
LaTeX Info: Redefining \ldots on input line 379.
LaTeX Info: Redefining \dots on input line 382.
LaTeX Info: Redefining \cdots on input line 467.
\Mathstrutbox@=\box26
\strutbox@=\box27
\big@size=\dimen108
LaTeX Font Info:    Redeclaring font encoding OML on input line 567.
LaTeX Font Info:    Redeclaring font encoding OMS on input line 568.
\macc@depth=\count108
\c@MaxMatrixCols=\count109
\dotsspace@=\muskip10
\c@parentequation=\count110
\dspbrk@lvl=\count111
\tag@help=\toks18
\row@=\count112
\column@=\count113
\maxfields@=\count114
\andhelp@=\toks19
\eqnshift@=\dimen109
\alignsep@=\dimen110
\tagshift@=\dimen111
\tagwidth@=\dimen112
\totwidth@=\dimen113
\lineht@=\dimen114
\@envbody=\toks20
\multlinegap=\skip45
\multlinetaggap=\skip46
\mathdisplay@stack=\toks21
LaTeX Info: Redefining \[ on input line 2666.
LaTeX Info: Redefining \] on input line 2667.
)
(/usr/share/texmf/tex/latex/comment/comment.sty
\CommentStream=\write5
 Excluding comment 'comment')
\@indexfile=\write6
\openout6 = `index.idx'.


Writing index file index.idx
(./index.aux)
\openout1 = `index.aux'.

LaTeX Font Info:    Checking defaults for OML/cmm/m/it on input line 18.
LaTeX Font Info:    ... okay on input line 18.
LaTeX Font Info:    Checking defaults for T1/cmr/m/n on input line 18.
LaTeX Font Info:    ... okay on input line 18.
LaTeX Font Info:    Checking defaults for OT1/cmr/m/n on input line 18.
LaTeX Font Info:    ... okay on input line 18.
LaTeX Font Info:    Checking defaults for OMS/cmsy/m/n on input line 18.
LaTeX Font Info:    ... okay on input line 18.
LaTeX Font Info:    Checking defaults for OMX/cmex/m/n on input line 18.
LaTeX Font Info:    ... okay on input line 18.
LaTeX Font Info:    Checking defaults for U/cmr/m/n on input line 18.
LaTeX Font Info:    ... okay on input line 18.
LaTeX Font Info:    Checking defaults for PD1/pdf/m/n on input line 18.
LaTeX Font Info:    ... okay on input line 18.
Package hyperref Info: Link coloring OFF on input line 18.
 (/usr/share/texmf/tex/latex/hyperref/nameref.sty
Package: nameref 2003/12/03 v2.21 Cross-referencing by name of section
\c@section@level=\count115
)
LaTeX Info: Redefining \ref on input line 18.
LaTeX Info: Redefining \pageref on input line 18.
 (./index.out)
(./index.out)
\openout3 = `index.out'.

 (/usr/share/texmf/tex/context/base/supp-pdf.tex
(/usr/share/texmf/tex/context/base/supp-mis.tex
loading : Context Support Macros / Miscellaneous (2004.10.26)
\protectiondepth=\count116
\scratchcounter=\count117
\scratchtoks=\toks22
\scratchdimen=\dimen115
\scratchskip=\skip47
\scratchmuskip=\muskip11
\scratchbox=\box28
\scratchread=\read1
\scratchwrite=\write7
\zeropoint=\dimen116
\onepoint=\dimen117
\onebasepoint=\dimen118
\minusone=\count118
\thousandpoint=\dimen119
\onerealpoint=\dimen120
\emptytoks=\toks23
\nextbox=\box29
\nextdepth=\dimen121
\everyline=\toks24
\!!counta=\count119
\!!countb=\count120
\recursecounter=\count121
)
loading : Context Support Macros / PDF (2004.03.26)
\nofMPsegments=\count122
\nofMParguments=\count123
\MPscratchCnt=\count124
\MPscratchDim=\dimen122
\MPnumerator=\count125
\everyMPtoPDFconversion=\toks25
) [1

{/usr/share/texmf-var/fonts/map/pdftex/updmap/pdftex.map}] [2] (./index.aux) ) 
Here is how much of TeX's memory you used:
 3362 strings out of 94500
 43368 string characters out of 1176766
 97925 words of memory out of 1000000
 6483 multiletter control sequences out of 10000+50000
 8951 words of font info for 32 fonts, out of 500000 for 2000
 580 hyphenation exceptions out of 1000
 27i,6n,36p,219b,245s stack positions out of 1500i,500n,5000p,200000b,5000s
PDF statistics:
 123 PDF objects out of 300000
 37 named destinations out of 131072
 89 words of extra memory for PDF output out of 65536
<
/usr/share/texmf/fonts/type1/bluesky/cm/cmr10.pfb></usr/share/texmf/fonts/type1
/bluesky/cm/cmbx12.pfb></usr/share/texmf/fonts/type1/bluesky/cm/cmr12.pfb></usr
/share/texmf/fonts/type1/bluesky/cm/cmr17.pfb>
Output written on index.pdf (2 pages, 52505 bytes).
